timeout   5
default   0
color light-blue/black light-cyan/blue

title Windows XP Professional
rootnoverify (hd0,0)
chainloader /ntldr
boot

title debian 8.0
chainloader (hd0,2)+1

# 如果你无法确定自己的安装源所在分区的话，如下操作
# a. 按ctrl+z，让安装进程“sysinst”暂时挂起到后台
# b. 运行“disklabel /dev/wd0”或“disklabel /dev/wd1”（其他设备依此类推），查找自己安装源所在的文件系统在netbsd里的命名方法并记下
# c. 输入“fg”，让安装程序“sysinst”转入前台继续安装
# device: wd0j            # 不需要加/dev
# file system: msdos      # 不能用大写,曾经在这个地方犯了几次同样的错误
# base directory: /  # 注意大小写.跟解压缩时的一样
# set directory: /I386/BINARY/SETS
# title install NetBSD
# find --set-root /NetBSD-6.1.5.iso
# map --mem /NetBSD-6.1.5.iso (hd32)
# map --hook
# chainloader (hd32)
# boot

#http://ftp.jp.debian.org/debian/
#http://cdimage.debian.org/debian-cd/
#touch debianboot
# title install debian
# find --set-root --ignore-floppies --ignore-cd /debianboot
# kernel /linux boot=casper noacpi iso-scan/filename=debian-8.0.0-i386-netinst.iso ro quiet splash
# initrd /initrd.gz

#title install FreeBSD 9.0-mfs
#find --set-root /mfsbsd-9.0-i386.iso
#map --mem /mfsbsd-9.0-i386.iso (hd32)
#map --hook
#chainloader (hd32)
#boot

#title install FreeBSD 9.0-bootonly
#find --set-root /FreeBSD-9.0-RELEASE-i386-bootonly.iso
#map --mem /FreeBSD-9.0-RELEASE-i386-bootonly.iso (hd32)
#map --hook
#chainloader (hd32)
#boot

#title Install Ubuntu 9.10 beta
#find --set-root /ubuntu-9.10-beta-desktop-i386.iso
#kernel /vmlinuz boot=casper iso-scan/filename=/ubuntu-9.10-beta-desktop-i386.iso ro quiet splash locale=zh_CN.UTF-8
#initrd /initrd.lz

#title Arch Linux
#root   (hd0,4)
#kernel /boot/vmlinuz26 root=/dev/disk/by-uuid/752ae3a4-d2ae-487a-8de5-a59a1ed2631f ro
#initrd /boot/kernel26.img

#title Arch Linux Fallback
#root   (hd0,4)
#kernel /boot/vmlinuz26 root=/dev/disk/by-uuid/752ae3a4-d2ae-487a-8de5-a59a1ed2631f ro
#initrd /boot/kernel26-fallback.img

#title Windows XP ntldr
#find --set-root /ntldr
#chainloader /ntldr

#title GreenGhost [Ghost v8.3/v11] (MAP-HOOK)
#find --set-root /myudisk.txt
#map --mem /boot/grub/gghost.img (fd0)
#map --hook
#chainloader (fd0)+1
#rootnoverify (fd0)

#title Boot from CDROM 
#cdrom --init
#map --hook
#chainloader (cd0)
#boot

#title reboot
#reboot

#title halt
#halt
